<?xml version="1.0" encoding="UTF-8"?>
<!-- Generated by org.testng.reporters.JUnitReportReporter -->
<testsuite skipped="0" hostname="DESKTOP-LR2351L" name="com.metlife.scripts.ValidLogin" tests="1" failures="0" timestamp="2020-11-01T20:59:43 IST" time="81.770" errors="0">
  <testcase name="Tc_01" time="81.770" classname="com.metlife.scripts.ValidLogin"/>
  <system-out/>
</testsuite> <!-- com.metlife.scripts.ValidLogin -->
